<?xml version="1.0" encoding="UTF-8"?>
<testsuite xmlns:xsi="http://www.w3.org/2001/XMLSchema-instance" xsi:noNamespaceSchemaLocation="https://maven.apache.org/surefire/maven-surefire-plugin/xsd/surefire-test-report-3.0.xsd" version="3.0" name="com.smartparking.event.EventBusTest" time="0.057" tests="8" errors="0" skipped="0" failures="0">
  <properties>
[...]
</properties>
  <testcase name="testEventHistory" classname="com.smartparking.event.EventBusTest" time="0.007"/>
  <testcase name="testPublishSync" classname="com.smartparking.event.EventBusTest" time="0.006">
    <system-err><![CDATA[[main] INFO com.smartparking.event.EventBus - Subscribed listener for event type: VehicleEntryEvent
]]></system-err>
  </testcase>
  <testcase name="testEventWithNoSubscribers" classname="com.smartparking.event.EventBusTest" time="0.003"/>
  <testcase name="testPublishAndSubscribeSpotAvailabilityEvent" classname="com.smartparking.event.EventBusTest" time="0.006">
    <system-err><![CDATA[[main] INFO com.smartparking.event.EventBus - Subscribed listener for event type: SpotAvailabilityChangedEvent
]]></system-err>
  </testcase>
  <testcase name="testMultipleSubscribers" classname="com.smartparking.event.EventBusTest" time="0.004">
    <system-err><![CDATA[[main] INFO com.smartparking.event.EventBus - Subscribed listener for event type: VehicleEntryEvent
[main] INFO com.smartparking.event.EventBus - Subscribed listener for event type: VehicleEntryEvent
[main] INFO com.smartparking.event.EventBus - Subscribed listener for event type: VehicleEntryEvent
]]></system-err>
  </testcase>
  <testcase name="testPublishAndSubscribeVehicleExitEvent" classname="com.smartparking.event.EventBusTest" time="0.005">
    <system-err><![CDATA[[main] INFO com.smartparking.event.EventBus - Subscribed listener for event type: VehicleExitEvent
]]></system-err>
  </testcase>
  <testcase name="testPublishAndSubscribeVehicleEntryEvent" classname="com.smartparking.event.EventBusTest" time="0.004">
    <system-err><![CDATA[[main] INFO com.smartparking.event.EventBus - Subscribed listener for event type: VehicleEntryEvent
]]></system-err>
  </testcase>
  <testcase name="testClearHistory" classname="com.smartparking.event.EventBusTest" time="0.001"/>
</testsuite>